<?xml version="1.0" encoding="UTF-8"?>
<!-- Generated by org.testng.reporters.JUnitXMLReporter -->
<testsuite ignored="0" hostname="Nazomhenrypc" failures="1" tests="3" name="Test" time="10.918" errors="0" timestamp="2024-03-30T20:30:42 GMT">
  <testcase classname="extentreport.MyTestDemo" name="login" time="1.663">
    <failure type="java.lang.AssertionError" message="expected [true] but found [false]">
      <![CDATA[java.lang.AssertionError: expected [true] but found [false]
at extentreport.MyTestDemo.login(MyTestDemo.java:47)
at java.base/java.util.ArrayList.forEach(ArrayList.java:1511)
... Removed 31 stack frames]]>
    </failure>
  </testcase> <!-- login -->
  <testcase classname="extentreport.MyTestDemo" name="HomepageTitle" time="0.0">
    <skipped/>
  </testcase> <!-- HomepageTitle -->
  <testcase classname="extentreport.MyTestDemo" name="logout" time="1.832"/>
</testsuite> <!-- Test -->
